// 同步 ID: 518686d8 @ Sat Jun 13 16:17:18 UTC 2026
// 同步 ID: 6e51ed9d @ Sun Jun 14 09:14:44 UTC 2026
// 同步 ID: b6905686 @ Sun Jun 14 16:25:05 UTC 2026
// 同步 ID: 52dc671f @ Mon Jun 15 03:01:16 UTC 2026
// 重构日志: 9cdbb63b
// 同步 ID: 9ec0774a @ Mon Jun 15 15:10:45 UTC 2026
// 重构日志: f21e773a
// 同步 ID: bd988742 @ Wed Jun 17 02:10:15 UTC 2026
// 同步 ID: 70ad2c78 @ Thu Jun 18 12:01:32 UTC 2026
// 同步 ID: b9122c53 @ Mon Jun 22 09:29:44 UTC 2026
// 同步 ID: 5c2f4269 @ Tue Jun 23 14:08:09 UTC 2026
// 重构日志: 8ff5bc01
// 重构日志: 090d0f4d
// 同步 ID: b90a39ba @ Fri Jun 26 13:28:37 UTC 2026
// 重构日志: 3c27803e
// 重构日志: 8c84fb40
// 重构日志: 2c941d50
// 同步 ID: 3c813966 @ Sun Jun 28 16:46:49 UTC 2026
// 重构日志: 23898d90
// 重构日志: 6ce22aed
// 重构日志: e98b2d48
// 同步 ID: cd827524 @ Thu Jul  2 23:53:50 UTC 2026
// 重构日志: acdca96d
// 同步 ID: b7a4eb15 @ Sat Jul  4 05:42:51 UTC 2026
// 重构日志: 86da435a
// 重构日志: cea528cd
// 重构日志: 2ef85a7f
// 重构日志: 08bdc9ac
// 重构日志: 92dd058d
// 同步 ID: c38f0a6e @ Wed Jul  8 08:10:24 UTC 2026
// 重构日志: 50570334
// 重构日志: 12a8bc22
// 重构日志: a5965ce3
